{"type":"server-started","port":51839,"host":"127.0.0.1","url_host":"localhost","url":"http://localhost:51839","screen_dir":"/Users/grantgreeson/Documents/Projects/policydb/.superpowers/brainstorm/32710-1773839675"}
{"type":"screen-added","file":"/Users/grantgreeson/Documents/Projects/policydb/.superpowers/brainstorm/32710-1773839675/section-order.html"}
{"type":"screen-updated","file":"/Users/grantgreeson/Documents/Projects/policydb/.superpowers/brainstorm/32710-1773839675/section-order.html"}
{"type":"screen-updated","file":"/Users/grantgreeson/Documents/Projects/policydb/.superpowers/brainstorm/32710-1773839675/section-order.html"}
{"type":"screen-updated","file":"/Users/grantgreeson/Documents/Projects/policydb/.superpowers/brainstorm/32710-1773839675/section-order.html"}
{"source":"user-event","type":"click","text":"Option A — First in the form\n      Renewal Status & Follow-Up are the first thing you see when editing. Ideal if status is the primary daily action.\n      \n        ① Placement & Renewal ← moved here\n        ② Core Fields\n        ③ Description\n        ④ Program Structure\n        ⑤ Exposure\n        ⑥ Internal","choice":"a","id":null,"timestamp":1773839782258}
{"type":"screen-added","file":"/Users/grantgreeson/Documents/Projects/policydb/.superpowers/brainstorm/32710-1773839675/waiting.html"}
{"type":"screen-updated","file":"/Users/grantgreeson/Documents/Projects/policydb/.superpowers/brainstorm/32710-1773839675/waiting.html"}
{"type":"screen-updated","file":"/Users/grantgreeson/Documents/Projects/policydb/.superpowers/brainstorm/32710-1773839675/waiting.html"}
{"type":"screen-updated","file":"/Users/grantgreeson/Documents/Projects/policydb/.superpowers/brainstorm/32710-1773839675/waiting.html"}
{"type":"screen-added","file":"/Users/grantgreeson/Documents/Projects/policydb/.superpowers/brainstorm/32710-1773839675/project-notes-layout.html"}
{"type":"screen-updated","file":"/Users/grantgreeson/Documents/Projects/policydb/.superpowers/brainstorm/32710-1773839675/project-notes-layout.html"}
{"type":"screen-updated","file":"/Users/grantgreeson/Documents/Projects/policydb/.superpowers/brainstorm/32710-1773839675/project-notes-layout.html"}
{"type":"screen-updated","file":"/Users/grantgreeson/Documents/Projects/policydb/.superpowers/brainstorm/32710-1773839675/project-notes-layout.html"}
{"source":"user-event","type":"click","text":"Option A — Inline expand (Recommended)\n      Clicking \"Show more\" grows the note panel in place. An EasyMDE editor appears when you click Edit. Auto-saves on change. No page navigation required.\n      \n        \n        \n          ▶ Main Street Condos\n          3 policies\n          Edit · Log · Email\n        \n        \n        \n          Executive Summary — 12-unit luxury condo tower, completed 2022. Primary risk concerns include high-value finishes (~$800K per unit) and a...\n          ▼ Show full note\n        \n        \n        \n          ↕ Expands here — EasyMDE editor, auto-saves, \"▲ Collapse\" button below","choice":"a","id":null,"timestamp":1773841633895}
{"source":"user-event","type":"click","text":"Option A — Inline expand (Recommended)\n      Clicking \"Show more\" grows the note panel in place. An EasyMDE editor appears when you click Edit. Auto-saves on change. No page navigation required.\n      \n        \n        \n          ▶ Main Street Condos\n          3 policies\n          Edit · Log · Email\n        \n        \n        \n          Executive Summary — 12-unit luxury condo tower, completed 2022. Primary risk concerns include high-value finishes (~$800K per unit) and a...\n          ▼ Show full note\n        \n        \n        \n          ↕ Expands here — EasyMDE editor, auto-saves, \"▲ Collapse\" button below","choice":"a","id":null,"timestamp":1773841634799}
{"source":"user-event","type":"click","text":"Option A — Inline expand (Recommended)\n      Clicking \"Show more\" grows the note panel in place. An EasyMDE editor appears when you click Edit. Auto-saves on change. No page navigation required.\n      \n        \n        \n          ▶ Main Street Condos\n          3 policies\n          Edit · Log · Email\n        \n        \n        \n          Executive Summary — 12-unit luxury condo tower, completed 2022. Primary risk concerns include high-value finishes (~$800K per unit) and a...\n          ▼ Show full note\n        \n        \n        \n          ↕ Expands here — EasyMDE editor, auto-saves, \"▲ Collapse\" button below","choice":"a","id":null,"timestamp":1773841635374}
{"source":"user-event","type":"click","text":"Option C — Dedicated project page\n      The project name becomes a link to a dedicated /clients/{id}/projects/{name} page with full editor, activity, and policy list. More powerful but adds navigation.\n      \n        \n          ▶ Main Street Condos ↗\n          3 policies\n        \n        \n          Executive Summary — 12-unit luxury condo tower...\n        \n        \n          Click name → full project page with editor, activity, policy list","choice":"c","id":null,"timestamp":1773841649358}
{"type":"screen-added","file":"/Users/grantgreeson/Documents/Projects/policydb/.superpowers/brainstorm/32710-1773839675/project-page-layout.html"}
{"type":"screen-updated","file":"/Users/grantgreeson/Documents/Projects/policydb/.superpowers/brainstorm/32710-1773839675/project-page-layout.html"}
{"type":"screen-updated","file":"/Users/grantgreeson/Documents/Projects/policydb/.superpowers/brainstorm/32710-1773839675/project-page-layout.html"}
{"type":"screen-updated","file":"/Users/grantgreeson/Documents/Projects/policydb/.superpowers/brainstorm/32710-1773839675/project-page-layout.html"}
{"type":"screen-updated","file":"/Users/grantgreeson/Documents/Projects/policydb/.superpowers/brainstorm/32710-1773839675/project-page-layout.html"}
{"source":"user-event","type":"click","text":"Option B — Two-column: editor left, policies right\n      Editor gets ~65% width, policy list lives in a sidebar on the right. Keeps both visible without scrolling on wider screens.\n      \n        \n          Clients / Acme Corp / Main Street Condos\n        \n        \n          \n          \n            \n              B   I   H   |   👁\n            \n            \n              Executive Summary\n              12-unit luxury condo, completed 2022…\n              Coverage gap analysis…\n            \n          \n          \n          \n            POLICIES\n            \n              GL · Markel ↗\n              Property · Chubb ↗\n              Umbrella · AXA ↗\n            \n            DETAILS\n            \n              123 Main St\n              Austin, TX 78701\n              1,240 words","choice":"b","id":null,"timestamp":1773841790127}
{"type":"server-stopped","reason":"idle timeout"}
