{"type":"server-started","port":58211,"host":"127.0.0.1","url_host":"localhost","url":"http://localhost:58211","screen_dir":"/Users/grantgreeson/Documents/Projects/policydb/.superpowers/brainstorm/36279-1773846535"}
{"type":"screen-added","file":"/Users/grantgreeson/Documents/Projects/policydb/.superpowers/brainstorm/36279-1773846535/sidebar-enrichment.html"}
{"type":"screen-updated","file":"/Users/grantgreeson/Documents/Projects/policydb/.superpowers/brainstorm/36279-1773846535/sidebar-enrichment.html"}
{"type":"screen-updated","file":"/Users/grantgreeson/Documents/Projects/policydb/.superpowers/brainstorm/36279-1773846535/sidebar-enrichment.html"}
{"type":"screen-updated","file":"/Users/grantgreeson/Documents/Projects/policydb/.superpowers/brainstorm/36279-1773846535/sidebar-enrichment.html"}
{"source":"user-event","type":"click","text":"📍\n    \n      Location Map\n      Embedded map showing the client's primary address. Useful before site visits or for visualizing risk concentrations. Uses OpenStreetMap (no API key needed).","choice":"map","id":null,"timestamp":1773846612085}
{"source":"user-event","type":"click","text":"📅\n    \n      Renewal Calendar\n      Mini month view showing which policies renew when. At a glance: \"3 policies in April, 1 in July.\" Helps plan outreach timing.","choice":"renewal-calendar","id":null,"timestamp":1773846613069}
{"source":"user-event","type":"click","text":"⏰\n    \n      Key Dates\n      Client Since, Renewal Month, Last Activity, Next Follow-Up. Quick temporal context — \"have I been quiet on this account?\"","choice":"key-dates","id":null,"timestamp":1773846613768}
{"source":"user-event","type":"click","text":"⚡\n    \n      Quick Actions\n      Buttons for: Log Activity, Schedule Follow-Up, Export Schedule, Generate Briefing. One-click access to the things AEs do most from a client page.","choice":"quick-actions","id":null,"timestamp":1773846615064}
{"source":"user-event","type":"click","text":"💰\n    \n      Financial Snapshot\n      Total premium, total commission/revenue, broker fee — the numbers an AE checks before every client call. Already computed in v_client_summary.","choice":"financials","id":null,"timestamp":1773846618223}
{"type":"screen-added","file":"/Users/grantgreeson/Documents/Projects/policydb/.superpowers/brainstorm/36279-1773846535/sidebar-mockup.html"}
{"type":"screen-updated","file":"/Users/grantgreeson/Documents/Projects/policydb/.superpowers/brainstorm/36279-1773846535/sidebar-mockup.html"}
{"type":"screen-updated","file":"/Users/grantgreeson/Documents/Projects/policydb/.superpowers/brainstorm/36279-1773846535/sidebar-mockup.html"}
{"type":"screen-updated","file":"/Users/grantgreeson/Documents/Projects/policydb/.superpowers/brainstorm/36279-1773846535/sidebar-mockup.html"}
{"type":"screen-updated","file":"/Users/grantgreeson/Documents/Projects/policydb/.superpowers/brainstorm/36279-1773846535/sidebar-mockup.html"}
{"source":"user-event","type":"click","text":"Option A — Action-first (Recommended)\n      Quick Actions at top for immediate access, then financials, dates, calendar, map at bottom. Prioritizes daily workflow over reference data.\n\n      \n\n        \n        \n          Quick Actions\n          \n            + Log Activity\n            + Follow-Up\n            Export Schedule\n            View Briefing\n          \n        \n\n        \n        \n          Financials\n          \n            \n              Premium\n              $1.2M\n            \n            \n              Revenue\n              $142K\n            \n            \n              Broker Fee\n              $5,000\n            \n          \n        \n\n        \n        \n          Key Dates\n          \n            Client Since\n            2019\n            Renewal Month\n            April\n            Last Activity\n            3 days ago\n            Next Follow-Up\n            Mar 22 (4d)\n          \n        \n\n        \n        \n          CN Number\n          CN122333627\n        \n        \n          Onboarded\n          2024-01-15\n        \n        \n          Review\n          \n            Weekly · Reviewed Mar 15\n          \n          ✓ Mark Reviewed\n        \n\n        \n        \n          Renewal Calendar\n          \n            Jan\n            Feb\n            Mar\n            Apr 3\n            May\n            Jun\n            Jul 1\n            Aug\n            Sep\n            Oct 2\n            Nov\n            Dec\n          \n        \n\n        \n        \n          Location\n          \n            \n            \n              📍\n              123 Main St, Austin TX\n              OpenStreetMap embed","choice":"a","id":null,"timestamp":1773846723482}
{"source":"user-event","type":"click","text":"Option B — Context-first\n      Financials and key dates at top (context before action), then quick actions, existing metadata, calendar and map below. Better for pre-call prep.\n\n      \n\n        \n        \n          Financials\n          \n            \n              Premium\n              $1.2M\n            \n            \n              Revenue\n              $142K\n            \n            \n              Broker Fee\n              $5,000\n            \n          \n        \n\n        \n        \n          Key Dates\n          \n            Client Since\n            2019\n            Renewal Month\n            April\n            Last Activity\n            3 days ago\n            Next Follow-Up\n            Mar 22 (4d)\n          \n        \n\n        \n        \n          Quick Actions\n          \n            + Log Activity\n            + Follow-Up\n            Export Schedule\n            View Briefing\n          \n        \n\n        \n        \n          CNCN122333627\n          Onboarded2024-01-15\n        \n\n        \n        \n          \n            Review: Weekly · Mar 15\n            ✓ Mark Reviewed\n          \n        \n\n        \n        \n          Renewal Calendar\n          \n            Jan\n            Feb\n            Mar\n            Apr 3\n            May\n            Jun\n            Jul 1\n            Aug\n            Sep\n            Oct 2\n            Nov\n            Dec\n          \n        \n\n        \n        \n          Location\n          \n            \n              📍\n              123 Main St, Austin TX","choice":"b","id":null,"timestamp":1773846726431}
{"type":"screen-added","file":"/Users/grantgreeson/Documents/Projects/policydb/.superpowers/brainstorm/36279-1773846535/waiting.html"}
{"type":"screen-updated","file":"/Users/grantgreeson/Documents/Projects/policydb/.superpowers/brainstorm/36279-1773846535/waiting.html"}
{"type":"screen-updated","file":"/Users/grantgreeson/Documents/Projects/policydb/.superpowers/brainstorm/36279-1773846535/waiting.html"}
{"type":"screen-updated","file":"/Users/grantgreeson/Documents/Projects/policydb/.superpowers/brainstorm/36279-1773846535/waiting.html"}
{"type":"screen-added","file":"/Users/grantgreeson/Documents/Projects/policydb/.superpowers/brainstorm/36279-1773846535/time-projection.html"}
{"type":"screen-updated","file":"/Users/grantgreeson/Documents/Projects/policydb/.superpowers/brainstorm/36279-1773846535/time-projection.html"}
{"type":"screen-updated","file":"/Users/grantgreeson/Documents/Projects/policydb/.superpowers/brainstorm/36279-1773846535/time-projection.html"}
{"source":"user-event","type":"click","text":"Option A — Monthly Forecast Chart (Recommended)\n      Bar chart showing past months (actuals) + next 3-6 months (projected), with renewal windows highlighted. Auto-generated narrative paragraph below for resource requests.\n\n      \n        \n          Effort Forecast — Acme Corp\n          Based on 4 months of history\n        \n        \n          \n          \n            \n              \n              Dec\n            \n            \n              \n              Jan\n            \n            \n              \n              Feb\n            \n            \n              \n              Mar\n            \n            \n              \n              Apr ★\n            \n            \n              \n              May\n            \n            \n              \n              Jun\n            \n          \n          \n             Actual\n             Projected (renewal month)\n             Projected (baseline)\n          \n          \n          \n            Projection Summary: Based on 4 months of history, Acme Corp requires approximately 8.3 hours/month on average. With 3 policies renewing in April, effort is projected to spike to ~12-15 hours that month. Estimated annual effort: ~110 hours ($16,500 at $150/hr blended rate). Current revenue: $142K (7.7x cost-to-serve ratio).","choice":"a","id":null,"timestamp":1773848147899}
{"type":"screen-added","file":"/Users/grantgreeson/Documents/Projects/policydb/.superpowers/brainstorm/36279-1773846535/time-projection-details.html"}
{"type":"screen-updated","file":"/Users/grantgreeson/Documents/Projects/policydb/.superpowers/brainstorm/36279-1773846535/time-projection-details.html"}
{"type":"screen-updated","file":"/Users/grantgreeson/Documents/Projects/policydb/.superpowers/brainstorm/36279-1773846535/time-projection-details.html"}
{"type":"screen-updated","file":"/Users/grantgreeson/Documents/Projects/policydb/.superpowers/brainstorm/36279-1773846535/time-projection-details.html"}
{"source":"user-event","type":"click","text":"Option A — Per-client hourly rate (Recommended)\n      Add an hourly_rate field to the clients table. Editable on the client edit page. Defaults to a global setting if not set. This way different clients can have different blended rates (e.g., $150/hr for standard, $200/hr for complex).\n      \n        \n          Hourly Rate\n          \n            $\n            \n            /hr\n          \n        \n        Used for cost-to-serve projections in briefing","choice":"a","id":null,"timestamp":1773848377224}
{"type":"screen-added","file":"/Users/grantgreeson/Documents/Projects/policydb/.superpowers/brainstorm/36279-1773846535/waiting-2.html"}
{"type":"screen-updated","file":"/Users/grantgreeson/Documents/Projects/policydb/.superpowers/brainstorm/36279-1773846535/waiting-2.html"}
{"type":"screen-updated","file":"/Users/grantgreeson/Documents/Projects/policydb/.superpowers/brainstorm/36279-1773846535/waiting-2.html"}
{"type":"screen-updated","file":"/Users/grantgreeson/Documents/Projects/policydb/.superpowers/brainstorm/36279-1773846535/waiting-2.html"}
{"type":"screen-added","file":"/Users/grantgreeson/Documents/Projects/policydb/.superpowers/brainstorm/36279-1773846535/programs-concept.html"}
{"type":"screen-updated","file":"/Users/grantgreeson/Documents/Projects/policydb/.superpowers/brainstorm/36279-1773846535/programs-concept.html"}
{"type":"screen-updated","file":"/Users/grantgreeson/Documents/Projects/policydb/.superpowers/brainstorm/36279-1773846535/programs-concept.html"}
{"type":"screen-updated","file":"/Users/grantgreeson/Documents/Projects/policydb/.superpowers/brainstorm/36279-1773846535/programs-concept.html"}
{"source":"user-event","type":"click","text":"Option A — Programs as a distinct section (Recommended)\n      Programs get their own collapsible section above the project/location policy groups. Visually distinct — signals \"this is an umbrella over the whole account.\" Each program shows aggregate metrics + participating carriers.\n\n      \n        \n        \n          ▶\n          Corporate Programs\n          · 2 programs · $380K total premium\n        \n        \n        \n          PROGRAM\n          \n            D&O Program\n            $20M limit · 3 carriers\n          \n          \n            $180,000\n            Apr 1 – Apr 1\n          \n        \n        \n        \n          PROGRAM\n          \n            Property Program\n            $50M limit · 4 carriers\n          \n          \n            $200,000\n            Jul 1 – Jul 1\n          \n        \n\n        \n        \n          ▶\n          Main St Development\n          · 3 policies\n        \n        \n          GL · Markel · $45,000  |  Property · Chubb · $32,000  |  BR · Zurich · $18,000","choice":"a","id":null,"timestamp":1773849881032}
{"type":"screen-added","file":"/Users/grantgreeson/Documents/Projects/policydb/.superpowers/brainstorm/36279-1773846535/waiting-3.html"}
{"type":"screen-updated","file":"/Users/grantgreeson/Documents/Projects/policydb/.superpowers/brainstorm/36279-1773846535/waiting-3.html"}
{"type":"screen-updated","file":"/Users/grantgreeson/Documents/Projects/policydb/.superpowers/brainstorm/36279-1773846535/waiting-3.html"}
{"type":"screen-updated","file":"/Users/grantgreeson/Documents/Projects/policydb/.superpowers/brainstorm/36279-1773846535/waiting-3.html"}
{"type":"screen-updated","file":"/Users/grantgreeson/Documents/Projects/policydb/.superpowers/brainstorm/36279-1773846535/waiting-3.html"}
{"type":"server-stopped","reason":"idle timeout"}
